brk(NULL)                               = 0x55bc90fc9000
access("/etc/ld.so.nohwcap", F_OK)      = -1 ENOENT (No such file or directory)
access("/etc/ld.so.preload", R_OK)      = -1 ENOENT (No such file or directory)
openat(AT_FDCWD, "/etc/ld.so.cache", O_RDONLY|O_CLOEXEC) = 3
fstat(3, {st_mode=S_IFREG|0644, st_size=133593, ...}) = 0
mmap(NULL, 133593, PROT_READ, MAP_PRIVATE, 3, 0) = 0x7fa12b312000
close(3)                                = 0
access("/etc/ld.so.nohwcap", F_OK)      = -1 ENOENT (No such file or directory)
openat(AT_FDCWD, "/usr/lib/x86_64-linux-gnu/libstdc++.so.6", O_RDONLY|O_CLOEXEC) = 3
read(3, "\177ELF\2\1\1\3\0\0\0\0\0\0\0\0\3\0>\0\1\0\0\0\360\303\10\0\0\0\0\0"..., 832) = 832
fstat(3, {st_mode=S_IFREG|0644, st_size=1594832, ...}) = 0
mmap(NULL, 8192, PROT_READ|PROT_WRITE, MAP_PRIVATE|MAP_ANONYMOUS, -1, 0) = 0x7fa12b310000
mmap(NULL, 3702816, PROT_READ|PROT_EXEC, MAP_PRIVATE|MAP_DENYWRITE, 3, 0) = 0x7fa12ad83000
mprotect(0x7fa12aefc000, 2097152, PROT_NONE) = 0
mmap(0x7fa12b0fc000, 49152, PROT_READ|PROT_WRITE, MAP_PRIVATE|MAP_FIXED|MAP_DENYWRITE, 3, 0x179000) = 0x7fa12b0fc000
mmap(0x7fa12b108000, 12320, PROT_READ|PROT_WRITE, MAP_PRIVATE|MAP_FIXED|MAP_ANONYMOUS, -1, 0) = 0x7fa12b108000
close(3)                                = 0
access("/etc/ld.so.nohwcap", F_OK)      = -1 ENOENT (No such file or directory)
openat(AT_FDCWD, "/lib/x86_64-linux-gnu/libgcc_s.so.1", O_RDONLY|O_CLOEXEC) = 3
read(3, "\177ELF\2\1\1\0\0\0\0\0\0\0\0\0\3\0>\0\1\0\0\0\300*\0\0\0\0\0\0"..., 832) = 832
fstat(3, {st_mode=S_IFREG|0644, st_size=96616, ...}) = 0
mmap(NULL, 2192432, PROT_READ|PROT_EXEC, MAP_PRIVATE|MAP_DENYWRITE, 3, 0) = 0x7fa12ab6b000
mprotect(0x7fa12ab82000, 2093056, PROT_NONE) = 0
mmap(0x7fa12ad81000, 8192, PROT_READ|PROT_WRITE, MAP_PRIVATE|MAP_FIXED|MAP_DENYWRITE, 3, 0x16000) = 0x7fa12ad81000
close(3)                                = 0
access("/etc/ld.so.nohwcap", F_OK)      = -1 ENOENT (No such file or directory)
openat(AT_FDCWD, "/lib/x86_64-linux-gnu/libc.so.6", O_RDONLY|O_CLOEXEC) = 3
read(3, "\177ELF\2\1\1\3\0\0\0\0\0\0\0\0\3\0>\0\1\0\0\0\260\34\2\0\0\0\0\0"..., 832) = 832
fstat(3, {st_mode=S_IFREG|0755, st_size=2030544, ...}) = 0
mmap(NULL, 4131552, PROT_READ|PROT_EXEC, MAP_PRIVATE|MAP_DENYWRITE, 3, 0) = 0x7fa12a77a000
mprotect(0x7fa12a961000, 2097152, PROT_NONE) = 0
mmap(0x7fa12ab61000, 24576, PROT_READ|PROT_WRITE, MAP_PRIVATE|MAP_FIXED|MAP_DENYWRITE, 3, 0x1e7000) = 0x7fa12ab61000
mmap(0x7fa12ab67000, 15072, PROT_READ|PROT_WRITE, MAP_PRIVATE|MAP_FIXED|MAP_ANONYMOUS, -1, 0) = 0x7fa12ab67000
close(3)                                = 0
access("/etc/ld.so.nohwcap", F_OK)      = -1 ENOENT (No such file or directory)
openat(AT_FDCWD, "/lib/x86_64-linux-gnu/libm.so.6", O_RDONLY|O_CLOEXEC) = 3
read(3, "\177ELF\2\1\1\3\0\0\0\0\0\0\0\0\3\0>\0\1\0\0\0\200\272\0\0\0\0\0\0"..., 832) = 832
fstat(3, {st_mode=S_IFREG|0644, st_size=1700792, ...}) = 0
mmap(NULL, 3789144, PROT_READ|PROT_EXEC, MAP_PRIVATE|MAP_DENYWRITE, 3, 0) = 0x7fa12a3dc000
mprotect(0x7fa12a579000, 2093056, PROT_NONE) = 0
mmap(0x7fa12a778000, 8192, PROT_READ|PROT_WRITE, MAP_PRIVATE|MAP_FIXED|MAP_DENYWRITE, 3, 0x19c000) = 0x7fa12a778000
close(3)                                = 0
mmap(NULL, 8192, PROT_READ|PROT_WRITE, MAP_PRIVATE|MAP_ANONYMOUS, -1, 0) = 0x7fa12b30e000
arch_prctl(ARCH_SET_FS, 0x7fa12b30f080) = 0
mprotect(0x7fa12ab61000, 16384, PROT_READ) = 0
mprotect(0x7fa12a778000, 4096, PROT_READ) = 0
mprotect(0x7fa12ad81000, 4096, PROT_READ) = 0
mmap(NULL, 8192, PROT_READ|PROT_WRITE, MAP_PRIVATE|MAP_ANONYMOUS, -1, 0) = 0x7fa12b30c000
mprotect(0x7fa12b0fc000, 40960, PROT_READ) = 0
mprotect(0x55bc8ff48000, 4096, PROT_READ) = 0
mprotect(0x7fa12b333000, 4096, PROT_READ) = 0
munmap(0x7fa12b312000, 133593)          = 0
brk(NULL)                               = 0x55bc90fc9000
brk(0x55bc90fea000)                     = 0x55bc90fea000
fcntl(0, F_GETFL)                       = 0x8000 (flags O_RDONLY|O_LARGEFILE)
fcntl(1, F_GETFL)                       = 0x8001 (flags O_WRONLY|O_LARGEFILE)
fstat(0, {st_mode=S_IFREG|0644, st_size=8188, ...}) = 0
read(0, "Marriage\n\nThis institution,\nperh"..., 4096) = 4096
fstat(1, {st_mode=S_IFREG|0644, st_size=0, ...}) = 0
read(0, "rcules\nclimbing the trees\nin the"..., 4096) = 4092
write(1, "Marriage\n\nThis institution,\nperh"..., 4096) = 4096
read(0, "", 4096)                       = 0
close(0)                                = 0
write(1, "rcules\nclimbing the trees\nin the"..., 4092) = 4092
close(1)                                = 0
getrusage(RUSAGE_SELF, {ru_utime={tv_sec=0, tv_usec=1869}, ru_stime={tv_sec=0, tv_usec=3739}, ...}) = 0
getrusage(RUSAGE_CHILDREN, {ru_utime={tv_sec=0, tv_usec=0}, ru_stime={tv_sec=0, tv_usec=0}, ...}) = 0
lseek(100, 0, SEEK_CUR)                 = -1 EBADF (Bad file descriptor)
write(2, "{\"time\":0.002135, \"utime\":0.0018"..., 69) = 69
exit_group(0)                           = ?
+++ exited with 0 +++
