brk(NULL)                               = 0x55bf298b0000
access("/etc/ld.so.nohwcap", F_OK)      = -1 ENOENT (No such file or directory)
access("/etc/ld.so.preload", R_OK)      = -1 ENOENT (No such file or directory)
openat(AT_FDCWD, "/etc/ld.so.cache", O_RDONLY|O_CLOEXEC) = 3
fstat(3, {st_mode=S_IFREG|0644, st_size=133593, ...}) = 0
mmap(NULL, 133593, PROT_READ, MAP_PRIVATE, 3, 0) = 0x7f6536c06000
close(3)                                = 0
access("/etc/ld.so.nohwcap", F_OK)      = -1 ENOENT (No such file or directory)
openat(AT_FDCWD, "/usr/lib/x86_64-linux-gnu/libstdc++.so.6", O_RDONLY|O_CLOEXEC) = 3
read(3, "\177ELF\2\1\1\3\0\0\0\0\0\0\0\0\3\0>\0\1\0\0\0\360\303\10\0\0\0\0\0"..., 832) = 832
fstat(3, {st_mode=S_IFREG|0644, st_size=1594832, ...}) = 0
mmap(NULL, 8192, PROT_READ|PROT_WRITE, MAP_PRIVATE|MAP_ANONYMOUS, -1, 0) = 0x7f6536c04000
mmap(NULL, 3702816, PROT_READ|PROT_EXEC, MAP_PRIVATE|MAP_DENYWRITE, 3, 0) = 0x7f6536677000
mprotect(0x7f65367f0000, 2097152, PROT_NONE) = 0
mmap(0x7f65369f0000, 49152, PROT_READ|PROT_WRITE, MAP_PRIVATE|MAP_FIXED|MAP_DENYWRITE, 3, 0x179000) = 0x7f65369f0000
mmap(0x7f65369fc000, 12320, PROT_READ|PROT_WRITE, MAP_PRIVATE|MAP_FIXED|MAP_ANONYMOUS, -1, 0) = 0x7f65369fc000
close(3)                                = 0
access("/etc/ld.so.nohwcap", F_OK)      = -1 ENOENT (No such file or directory)
openat(AT_FDCWD, "/lib/x86_64-linux-gnu/libgcc_s.so.1", O_RDONLY|O_CLOEXEC) = 3
read(3, "\177ELF\2\1\1\0\0\0\0\0\0\0\0\0\3\0>\0\1\0\0\0\300*\0\0\0\0\0\0"..., 832) = 832
fstat(3, {st_mode=S_IFREG|0644, st_size=96616, ...}) = 0
mmap(NULL, 2192432, PROT_READ|PROT_EXEC, MAP_PRIVATE|MAP_DENYWRITE, 3, 0) = 0x7f653645f000
mprotect(0x7f6536476000, 2093056, PROT_NONE) = 0
mmap(0x7f6536675000, 8192, PROT_READ|PROT_WRITE, MAP_PRIVATE|MAP_FIXED|MAP_DENYWRITE, 3, 0x16000) = 0x7f6536675000
close(3)                                = 0
access("/etc/ld.so.nohwcap", F_OK)      = -1 ENOENT (No such file or directory)
openat(AT_FDCWD, "/lib/x86_64-linux-gnu/libc.so.6", O_RDONLY|O_CLOEXEC) = 3
read(3, "\177ELF\2\1\1\3\0\0\0\0\0\0\0\0\3\0>\0\1\0\0\0\260\34\2\0\0\0\0\0"..., 832) = 832
fstat(3, {st_mode=S_IFREG|0755, st_size=2030544, ...}) = 0
mmap(NULL, 4131552, PROT_READ|PROT_EXEC, MAP_PRIVATE|MAP_DENYWRITE, 3, 0) = 0x7f653606e000
mprotect(0x7f6536255000, 2097152, PROT_NONE) = 0
mmap(0x7f6536455000, 24576, PROT_READ|PROT_WRITE, MAP_PRIVATE|MAP_FIXED|MAP_DENYWRITE, 3, 0x1e7000) = 0x7f6536455000
mmap(0x7f653645b000, 15072, PROT_READ|PROT_WRITE, MAP_PRIVATE|MAP_FIXED|MAP_ANONYMOUS, -1, 0) = 0x7f653645b000
close(3)                                = 0
access("/etc/ld.so.nohwcap", F_OK)      = -1 ENOENT (No such file or directory)
openat(AT_FDCWD, "/lib/x86_64-linux-gnu/libm.so.6", O_RDONLY|O_CLOEXEC) = 3
read(3, "\177ELF\2\1\1\3\0\0\0\0\0\0\0\0\3\0>\0\1\0\0\0\200\272\0\0\0\0\0\0"..., 832) = 832
fstat(3, {st_mode=S_IFREG|0644, st_size=1700792, ...}) = 0
mmap(NULL, 3789144, PROT_READ|PROT_EXEC, MAP_PRIVATE|MAP_DENYWRITE, 3, 0) = 0x7f6535cd0000
mprotect(0x7f6535e6d000, 2093056, PROT_NONE) = 0
mmap(0x7f653606c000, 8192, PROT_READ|PROT_WRITE, MAP_PRIVATE|MAP_FIXED|MAP_DENYWRITE, 3, 0x19c000) = 0x7f653606c000
close(3)                                = 0
mmap(NULL, 8192, PROT_READ|PROT_WRITE, MAP_PRIVATE|MAP_ANONYMOUS, -1, 0) = 0x7f6536c02000
arch_prctl(ARCH_SET_FS, 0x7f6536c03080) = 0
mprotect(0x7f6536455000, 16384, PROT_READ) = 0
mprotect(0x7f653606c000, 4096, PROT_READ) = 0
mprotect(0x7f6536675000, 4096, PROT_READ) = 0
mmap(NULL, 8192, PROT_READ|PROT_WRITE, MAP_PRIVATE|MAP_ANONYMOUS, -1, 0) = 0x7f6536c00000
mprotect(0x7f65369f0000, 40960, PROT_READ) = 0
mprotect(0x55bf27e32000, 4096, PROT_READ) = 0
mprotect(0x7f6536c27000, 4096, PROT_READ) = 0
munmap(0x7f6536c06000, 133593)          = 0
brk(NULL)                               = 0x55bf298b0000
brk(0x55bf298d1000)                     = 0x55bf298d1000
read(0, "Marriage\n\nThis institution,\nperh"..., 4096) = 4096
write(1, "Marriage\n\nThis institution,\nperh"..., 1024) = 1024
write(1, "ence of beauty;\nits existence is"..., 1024) = 1024
write(1, "-yellow bodies\nsown with trapezo"..., 1024) = 1024
read(0, "rcules\nclimbing the trees\nin the"..., 4096) = 4092
write(1, "lest it should fly off;\nif he do"..., 1024) = 1024
write(1, "rcules\nclimbing the trees\nin the"..., 1024) = 1024
write(1, "ghter\nand munificence of humor\ni"..., 1024) = 1024
write(1, "\342\200\235\nShe says, \342\200\234This butterfly,"..., 1024) = 1024
read(0, "", 4096)                       = 0
write(1, "\342\200\235\n\342\200\234Everything to do with lov"..., 1020) = 1020
close(0)                                = 0
close(1)                                = 0
getrusage(RUSAGE_SELF, {ru_utime={tv_sec=0, tv_usec=3224}, ru_stime={tv_sec=0, tv_usec=0}, ...}) = 0
getrusage(RUSAGE_CHILDREN, {ru_utime={tv_sec=0, tv_usec=0}, ru_stime={tv_sec=0, tv_usec=0}, ...}) = 0
lseek(100, 0, SEEK_CUR)                 = -1 EBADF (Bad file descriptor)
write(2, "{\"time\":0.007030, \"utime\":0.0032"..., 69) = 69
exit_group(0)                           = ?
+++ exited with 0 +++
